<?xml version="1.0" encoding="UTF-8"?>
<!-- Generated by org.testng.reporters.JUnitReportReporter -->
<testsuite hostname="DESKTOP-KO3B5VM" name="com.qa.tests.Test3" tests="4" failures="0" timestamp="24 Nov 2018 13:34:05 GMT" time="0.005" errors="0">
  <testcase name="Sum" time="0.000" classname="com.qa.tests.Test3"/>
  <testcase name="Multiply" time="0.000" classname="com.qa.tests.Test3"/>
  <testcase name="div" time="0.002" classname="com.qa.tests.Test3"/>
  <testcase name="Subtract" time="0.003" classname="com.qa.tests.Test3"/>
</testsuite> <!-- com.qa.tests.Test3 -->
