<?xml version="1.0" encoding="UTF-8"?>
<!-- Generated by org.testng.reporters.JUnitReportReporter -->
<testsuite hostname="DESKTOP-KO3B5VM" name="com.qa.tests.Test2" tests="4" failures="0" timestamp="24 Nov 2018 13:34:05 GMT" time="0.026" errors="0">
  <testcase name="Multiply" time="0.021" classname="com.qa.tests.Test2"/>
  <testcase name="div" time="0.000" classname="com.qa.tests.Test2"/>
  <testcase name="Sum" time="0.001" classname="com.qa.tests.Test2"/>
  <testcase name="Subtract" time="0.004" classname="com.qa.tests.Test2"/>
</testsuite> <!-- com.qa.tests.Test2 -->
